mode: set
github.com/archeopternix/go-mediafileinfo/avfieldorder_string.go:23.39,24.60 1 1
github.com/archeopternix/go-mediafileinfo/avfieldorder_string.go:24.60,26.3 1 0
github.com/archeopternix/go-mediafileinfo/avfieldorder_string.go:27.2,27.76 1 1
github.com/archeopternix/go-mediafileinfo/avmediatype_string.go:29.38,30.9 1 1
github.com/archeopternix/go-mediafileinfo/avmediatype_string.go:31.15,32.29 1 0
github.com/archeopternix/go-mediafileinfo/avmediatype_string.go:33.24,35.80 2 1
github.com/archeopternix/go-mediafileinfo/avmediatype_string.go:36.10,37.64 1 1
github.com/archeopternix/go-mediafileinfo/codecid_string.go:831.34,832.36 1 1
github.com/archeopternix/go-mediafileinfo/codecid_string.go:832.36,834.3 1 1
github.com/archeopternix/go-mediafileinfo/codecid_string.go:835.2,835.59 1 1
github.com/archeopternix/go-mediafileinfo/formatutil.go:11.38,21.38 3 1
github.com/archeopternix/go-mediafileinfo/formatutil.go:21.38,23.3 1 1
github.com/archeopternix/go-mediafileinfo/formatutil.go:25.2,25.9 1 1
github.com/archeopternix/go-mediafileinfo/formatutil.go:26.15,27.46 1 1
github.com/archeopternix/go-mediafileinfo/formatutil.go:28.15,29.46 1 1
github.com/archeopternix/go-mediafileinfo/formatutil.go:30.15,31.46 1 1
github.com/archeopternix/go-mediafileinfo/formatutil.go:32.15,33.46 1 1
github.com/archeopternix/go-mediafileinfo/formatutil.go:34.10,35.36 1 1
github.com/archeopternix/go-mediafileinfo/formatutil.go:41.41,49.9 7 1
github.com/archeopternix/go-mediafileinfo/formatutil.go:50.17,51.71 1 1
github.com/archeopternix/go-mediafileinfo/formatutil.go:52.19,53.59 1 1
github.com/archeopternix/go-mediafileinfo/formatutil.go:54.10,55.45 1 1
github.com/archeopternix/go-mediafileinfo/mediafileinfo.go:65.37,67.2 1 1
github.com/archeopternix/go-mediafileinfo/mediafileinfo.go:108.56,110.16 2 1
github.com/archeopternix/go-mediafileinfo/mediafileinfo.go:110.16,112.3 1 0
github.com/archeopternix/go-mediafileinfo/mediafileinfo.go:113.2,114.12 2 1
github.com/archeopternix/go-mediafileinfo/mediafileinfo.go:118.62,124.16 4 1
github.com/archeopternix/go-mediafileinfo/mediafileinfo.go:124.16,126.3 1 0
github.com/archeopternix/go-mediafileinfo/mediafileinfo.go:128.2,133.21 4 1
github.com/archeopternix/go-mediafileinfo/mediafileinfo.go:133.21,165.3 7 1
github.com/archeopternix/go-mediafileinfo/mediafileinfo.go:168.2,170.46 3 1
github.com/archeopternix/go-mediafileinfo/mediafileinfo.go:170.46,173.3 2 1
github.com/archeopternix/go-mediafileinfo/mediafileinfo.go:176.2,189.23 2 1
